<?xml version="1.0" encoding="UTF-8"?>
<!-- Generated by org.testng.reporters.JUnitReportReporter -->
<testsuite hostname="LAPTOP-FSI2IFA8" failures="0" tests="1" name="test.Test3" time="3.826" errors="0" timestamp="2022-09-02T17:50:26 IST" skipped="0">
  <testcase classname="test.Test3" name="moba" time="3.826"/>
  <system-out/>
</testsuite> <!-- test.Test3 -->
