<?xml version="1.0" encoding="UTF-8"?>
<!-- Generated by org.testng.reporters.JUnitReportReporter -->
<testsuite hostname="LAPTOP-FSI2IFA8" failures="0" tests="1" name="steampowered.com.Seltest" time="0.007" errors="0" timestamp="2022-09-03T21:15:55 IST" skipped="0">
  <testcase classname="steampowered.com.Seltest" name="demo" time="0.007"/>
  <system-out/>
</testsuite> <!-- steampowered.com.Seltest -->
