<?xml version="1.0" encoding="UTF-8"?>
<!-- Generated by org.testng.reporters.JUnitReportReporter -->
<testsuite hostname="LAPTOP-FSI2IFA8" failures="0" tests="2" name="steampowered.com.SteamTest" time="0.002" errors="0" timestamp="2022-09-04T15:21:49 IST" skipped="0">
  <testcase classname="steampowered.com.SteamTest" name="demotestee" time="0.001"/>
  <system-out/>
  <testcase classname="steampowered.com.SteamTest" name="demotestttttt" time="0.001"/>
  <system-out/>
</testsuite> <!-- steampowered.com.SteamTest -->
